Determining if the pthread_create exist failed with the following output:
Change Dir: /home/gbnunes/Documentos/New_ROS_Project/catkin_recepcionist/build/CMakeFiles/CMakeTmp

Run Build Command:"/usr/bin/make" "cmTC_62e17/fast"
/usr/bin/make -f CMakeFiles/cmTC_62e17.dir/build.make CMakeFiles/cmTC_62e17.dir/build
make[1]: Entering directory '/home/gbnunes/Documentos/New_ROS_Project/catkin_recepcionist/build/CMakeFiles/CMakeTmp'
Building C object CMakeFiles/cmTC_62e17.dir/CheckSymbolExists.c.o
/usr/bin/cc    -o CMakeFiles/cmTC_62e17.dir/CheckSymbolExists.c.o   -c /home/gbnunes/Documentos/New_ROS_Project/catkin_recepcionist/build/CMakeFiles/CMakeTmp/CheckSymbolExists.c
Linking C executable cmTC_62e17
/usr/bin/cmake -E cmake_link_script CMakeFiles/cmTC_62e17.dir/link.txt --verbose=1
/usr/bin/cc      -rdynamic CMakeFiles/cmTC_62e17.dir/CheckSymbolExists.c.o  -o cmTC_62e17 
CMakeFiles/cmTC_62e17.dir/CheckSymbolExists.c.o: Na função "main":
CheckSymbolExists.c:(.text+0x1b): referência não definida para "pthread_create"
collect2: error: ld returned 1 exit status
CMakeFiles/cmTC_62e17.dir/build.make:97: recipe for target 'cmTC_62e17' failed
make[1]: *** [cmTC_62e17] Error 1
make[1]: Leaving directory '/home/gbnunes/Documentos/New_ROS_Project/catkin_recepcionist/build/CMakeFiles/CMakeTmp'
Makefile:126: recipe for target 'cmTC_62e17/fast' failed
make: *** [cmTC_62e17/fast] Error 2

File /home/gbnunes/Documentos/New_ROS_Project/catkin_recepcionist/build/CMakeFiles/CMakeTmp/CheckSymbolExists.c:
/* */
#include <pthread.h>

int main(int argc, char** argv)
{
  (void)argv;
#ifndef pthread_create
  return ((int*)(&pthread_create))[argc];
#else
  (void)argc;
  return 0;
#endif
}

Determining if the function pthread_create exists in the pthreads failed with the following output:
Change Dir: /home/gbnunes/Documentos/New_ROS_Project/catkin_recepcionist/build/CMakeFiles/CMakeTmp

Run Build Command:"/usr/bin/make" "cmTC_71300/fast"
/usr/bin/make -f CMakeFiles/cmTC_71300.dir/build.make CMakeFiles/cmTC_71300.dir/build
make[1]: Entering directory '/home/gbnunes/Documentos/New_ROS_Project/catkin_recepcionist/build/CMakeFiles/CMakeTmp'
Building C object CMakeFiles/cmTC_71300.dir/CheckFunctionExists.c.o
/usr/bin/cc   -DCHECK_FUNCTION_EXISTS=pthread_create   -o CMakeFiles/cmTC_71300.dir/CheckFunctionExists.c.o   -c /usr/share/cmake-3.10/Modules/CheckFunctionExists.c
Linking C executable cmTC_71300
/usr/bin/cmake -E cmake_link_script CMakeFiles/cmTC_71300.dir/link.txt --verbose=1
/usr/bin/cc  -DCHECK_FUNCTION_EXISTS=pthread_create    -rdynamic CMakeFiles/cmTC_71300.dir/CheckFunctionExists.c.o  -o cmTC_71300 -lpthreads 
/usr/bin/ld: não foi possível localizar -lpthreads
collect2: error: ld returned 1 exit status
CMakeFiles/cmTC_71300.dir/build.make:97: recipe for target 'cmTC_71300' failed
make[1]: *** [cmTC_71300] Error 1
make[1]: Leaving directory '/home/gbnunes/Documentos/New_ROS_Project/catkin_recepcionist/build/CMakeFiles/CMakeTmp'
Makefile:126: recipe for target 'cmTC_71300/fast' failed
make: *** [cmTC_71300/fast] Error 2


